  [1m[35m (206.9ms)[0m  [1m[35mCREATE DATABASE "ruby-getting-started_development" ENCODING = 'unicode'[0m
  ↳ /Users/heather/.rvm/gems/ruby-2.6.1/bin/rake:23
  [1m[35m (95.6ms)[0m  [1m[35mCREATE DATABASE "ruby-getting-started_test" ENCODING = 'unicode'[0m
  ↳ /Users/heather/.rvm/gems/ruby-2.6.1/bin/rake:23
  [1m[35m (8.7ms)[0m  [1m[35mCREATE TABLE "schema_migrations" ("version" character varying NOT NULL PRIMARY KEY)[0m
  ↳ /Users/heather/.rvm/gems/ruby-2.6.1/bin/rake:23
  [1m[35m (5.2ms)[0m  [1m[35mCREATE TABLE "ar_internal_metadata" ("key" character varying NOT NULL PRIMARY KEY, "value" character varying, "created_at" timestamp NOT NULL, "updated_at" timestamp NOT NULL)[0m
  ↳ /Users/heather/.rvm/gems/ruby-2.6.1/bin/rake:23
  [1m[35m (0.3ms)[0m  [1m[34mSELECT pg_try_advisory_lock(3978878207179910370)[0m
  ↳ /Users/heather/.rvm/gems/ruby-2.6.1/bin/rake:23
  [1m[35m (0.3ms)[0m  [1m[34mSELECT "schema_migrations"."version" FROM "schema_migrations" ORDER BY "schema_migrations"."version" ASC[0m
  ↳ /Users/heather/.rvm/gems/ruby-2.6.1/bin/rake:23
Migrating to CreateWidgets (20140707111715)
  [1m[35m (0.1ms)[0m  [1m[35mBEGIN[0m
  ↳ /Users/heather/.rvm/gems/ruby-2.6.1/bin/rake:23
  [1m[35m (6.5ms)[0m  [1m[35mCREATE TABLE "widgets" ("id" bigserial primary key, "name" character varying, "description" text, "stock" integer, "created_at" timestamp NOT NULL, "updated_at" timestamp NOT NULL)[0m
  ↳ db/migrate/20140707111715_create_widgets.rb:3
  [1m[36mActiveRecord::SchemaMigration Create (0.5ms)[0m  [1m[32mINSERT INTO "schema_migrations" ("version") VALUES ($1) RETURNING "version"[0m  [["version", "20140707111715"]]
  ↳ /Users/heather/.rvm/gems/ruby-2.6.1/bin/rake:23
  [1m[35m (0.5ms)[0m  [1m[35mCOMMIT[0m
  ↳ /Users/heather/.rvm/gems/ruby-2.6.1/bin/rake:23
  [1m[36mActiveRecord::InternalMetadata Load (0.3ms)[0m  [1m[34mSELECT  "ar_internal_metadata".* FROM "ar_internal_metadata" WHERE "ar_internal_metadata"."key" = $1 LIMIT $2[0m  [["key", "environment"], ["LIMIT", 1]]
  ↳ /Users/heather/.rvm/gems/ruby-2.6.1/bin/rake:23
  [1m[35m (0.1ms)[0m  [1m[35mBEGIN[0m
  ↳ /Users/heather/.rvm/gems/ruby-2.6.1/bin/rake:23
  [1m[36mActiveRecord::InternalMetadata Create (0.9ms)[0m  [1m[32mINSERT INTO "ar_internal_metadata" ("key", "value", "created_at", "updated_at") VALUES ($1, $2, $3, $4) RETURNING "key"[0m  [["key", "environment"], ["value", "development"], ["created_at", "2021-07-19 21:00:02.753014"], ["updated_at", "2021-07-19 21:00:02.753014"]]
  ↳ /Users/heather/.rvm/gems/ruby-2.6.1/bin/rake:23
  [1m[35m (0.4ms)[0m  [1m[35mCOMMIT[0m
  ↳ /Users/heather/.rvm/gems/ruby-2.6.1/bin/rake:23
  [1m[35m (0.2ms)[0m  [1m[34mSELECT pg_advisory_unlock(3978878207179910370)[0m
  ↳ /Users/heather/.rvm/gems/ruby-2.6.1/bin/rake:23
  [1m[35m (0.2ms)[0m  [1m[34mSELECT "schema_migrations"."version" FROM "schema_migrations" ORDER BY "schema_migrations"."version" ASC[0m
  ↳ /Users/heather/.rvm/gems/ruby-2.6.1/bin/rake:23
Started GET "/" for 127.0.0.1 at 2021-07-19 17:02:24 -0400
  [1m[35m (0.5ms)[0m  [1m[34mSELECT "schema_migrations"."version" FROM "schema_migrations" ORDER BY "schema_migrations"."version" ASC[0m
  ↳ /Users/heather/.rvm/gems/ruby-2.6.1/gems/activerecord-5.2.3/lib/active_record/log_subscriber.rb:98
Processing by WelcomeController#index as HTML
  Rendering welcome/index.erb within layouts/application
  Rendered welcome/index.erb within layouts/application (606.5ms)
Completed 200 OK in 706ms (Views: 702.5ms | ActiveRecord: 0.0ms)


Started GET "/" for 127.0.0.1 at 2021-07-19 17:05:59 -0400
  [1m[35m (0.6ms)[0m  [1m[34mSELECT "schema_migrations"."version" FROM "schema_migrations" ORDER BY "schema_migrations"."version" ASC[0m
  ↳ /Users/heather/.rvm/gems/ruby-2.6.1/gems/activerecord-5.2.3/lib/active_record/log_subscriber.rb:98
Processing by WelcomeController#index as HTML
  Rendering welcome/index.erb within layouts/application
  Rendered welcome/index.erb within layouts/application (195.9ms)
Completed 200 OK in 253ms (Views: 248.4ms | ActiveRecord: 0.0ms)


